<?xml version="1.0" encoding="UTF-8"?>
<testsuite name="com.exam.DemoApplicationTests" tests="1" skipped="0" failures="0" errors="0" timestamp="2026-05-15T08:24:41.700Z" hostname="DESKTOP-F122BL2" time="1.554">
  <properties/>
  <testcase name="contextLoads()" classname="com.exam.DemoApplicationTests" time="1.554"/>
  <system-out><![CDATA[17:24:38.021 [Test worker] INFO org.springframework.test.context.support.AnnotationConfigContextLoaderUtils -- Could not detect default configuration classes for test class [com.exam.DemoApplicationTests]: DemoApplicationTests does not declare any static, non-private, non-final, nested classes annotated with @Configuration.
17:24:38.285 [Test worker] INFO org.springframework.boot.test.context.SpringBootTestContextBootstrapper -- Found @SpringBootConfiguration com.exam.DemoApplication for test class com.exam.DemoApplicationTests

  .   ____          _            __ _ _
 /\\ / ___'_ __ _ _(_)_ __  __ _ \ \ \ \
( ( )\___ | '_ | '_| | '_ \/ _` | \ \ \ \
 \\/  ___)| |_)| | | | | || (_| |  ) ) ) )
  '  |____| .__|_| |_|_| |_\__, | / / / /
 =========|_|==============|___/=/_/_/_/

 :: Spring Boot ::                (v3.5.6)

2026-05-15T17:24:39.298+09:00  INFO 29972 --- [demo] [    Test worker] com.exam.DemoApplicationTests            : Starting DemoApplicationTests using Java 21.0.10 with PID 29972 (started by JeongBeomseok in C:\cloud_engineering\Boot_Camp_6th\springboot\sample09_MVC2_요청처리_Model생성및html보여주기)
2026-05-15T17:24:39.301+09:00  INFO 29972 --- [demo] [    Test worker] com.exam.DemoApplicationTests            : No active profile set, falling back to 1 default profile: "default"
2026-05-15T17:24:41.671+09:00  INFO 29972 --- [demo] [    Test worker] com.exam.DemoApplicationTests            : Started DemoApplicationTests in 3.009 seconds (process running for 5.309)
]]></system-out>
  <system-err><![CDATA[Mockito is currently self-attaching to enable the inline-mock-maker. This will no longer work in future releases of the JDK. Please add Mockito as an agent to your build as described in Mockito's documentation: https://javadoc.io/doc/org.mockito/mockito-core/latest/org.mockito/org/mockito/Mockito.html#0.3
WARNING: A Java agent has been loaded dynamically (C:\Users\JeongBeomseok\.gradle\caches\modules-2\files-2.1\net.bytebuddy\byte-buddy-agent\1.17.7\fbf3d6d649ed37fc9e9c59480a05be0a26e3c2da\byte-buddy-agent-1.17.7.jar)
WARNING: If a serviceability tool is in use, please run with -XX:+EnableDynamicAgentLoading to hide this warning
WARNING: If a serviceability tool is not in use, please run with -Djdk.instrument.traceUsage for more information
WARNING: Dynamic loading of agents will be disallowed by default in a future release
]]></system-err>
</testsuite>
